[05/Jan/2020:03:26:02] (ℹ️): WordPress Instance Info:
[05/Jan/2020:03:26:02] (ℹ️): Home URL : https://codingsaint.com
[05/Jan/2020:03:26:02] (ℹ️): Site URL : https://codingsaint.com
[05/Jan/2020:03:26:02] (ℹ️): WordPress Version : 5.3.2
[05/Jan/2020:03:26:02] (ℹ️): Onboarding Version : 1.3.6
[05/Jan/2020:03:26:02] (ℹ️): Multisite : No
[05/Jan/2020:03:26:02] (ℹ️): Server Info : nginx
[05/Jan/2020:03:26:02] (ℹ️): PHP Version : 7.2.26
[05/Jan/2020:03:26:02] (ℹ️): HTTPS : Yes
[05/Jan/2020:03:26:02] (ℹ️): PHP Max Execution Time : 1200
[05/Jan/2020:03:26:02] (ℹ️): PHP Max Input Vars : 6144
[05/Jan/2020:03:26:02] (ℹ️): Max Upload Size : 2146435072
[05/Jan/2020:03:26:02] (ℹ️): Plugins:
[05/Jan/2020:03:26:02] (ℹ️): [PLUGIN] Akismet Anti-Spam : v4.1.3 (Automattic)
[05/Jan/2020:03:26:02] (ℹ️): [PLUGIN] AMP : v1.4.2 (AMP Project Contributors)
[05/Jan/2020:03:26:02] (ℹ️): [PLUGIN] Classic Editor : v1.5 (WordPress Contributors)
[05/Jan/2020:03:26:02] (ℹ️): [PLUGIN] Elementor : v2.8.3 (Elementor.com)
[05/Jan/2020:03:26:02] (ℹ️): [PLUGIN] Header and Footer Scripts : v2.1.1 (Digital Liberation)
[05/Jan/2020:03:26:02] (ℹ️): [PLUGIN] Jetpack by WordPress.com : v8.0 (Automattic)
[05/Jan/2020:03:26:02] (ℹ️): [PLUGIN] JSON Feed : v1.3.0 (Manton Reece and Daniel Jalkut)
[05/Jan/2020:03:26:02] (ℹ️): [PLUGIN] MC4WP: Mailchimp for WordPress : v4.7.4 (ibericode)
[05/Jan/2020:03:26:02] (ℹ️): [PLUGIN] Sendinblue Subscribe Form And WP SMTP : v2.9.10 (Sendinblue)
[05/Jan/2020:03:26:02] (ℹ️): [PLUGIN] Popup Maker : v1.8.14 (Popup Maker)
[05/Jan/2020:03:26:02] (ℹ️): [PLUGIN] Series : v2.0.1 (Justin Tadlock)
[05/Jan/2020:03:26:02] (ℹ️): [PLUGIN] Shortcodes Ultimate : v5.6.2 (Vladimir Anokhin)
[05/Jan/2020:03:26:02] (ℹ️): [PLUGIN] Sticky Posts - Switch : v2.0.0 (Markus Froehlich)
[05/Jan/2020:03:26:02] (ℹ️): [PLUGIN] SyntaxHighlighter Evolved : v3.5.1 (Alex Mills (Viper007Bond))
[05/Jan/2020:03:26:02] (ℹ️): [PLUGIN] Orbit Fox Companion : v2.8.14 (Themeisle)
[05/Jan/2020:03:26:02] (ℹ️): [PLUGIN] WooCommerce : v3.8.1 (Automattic)
[05/Jan/2020:03:26:02] (ℹ️): [PLUGIN] Yoast SEO : v12.7.1 (Team Yoast)
[05/Jan/2020:03:26:02] (ℹ️): [PLUGIN] WPForms Lite : v1.5.7 (WPForms)
[05/Jan/2020:03:26:02] (ℹ️): [PLUGIN] Zoho Forms : v2.0 (Zoho Forms)
[05/Jan/2020:03:26:02] (ℹ️): [PLUGIN] Zoho Mail : v1.3.9 (Zoho Mail)
